<?xml version="1.0" encoding="UTF-8"?>
<testng-results ignored="1" total="2" passed="0" failed="1" skipped="0">
  <reporter-output>
  </reporter-output>
  <suite started-at="2023-06-10T13:23:25 CEST" name="TestNG" finished-at="2023-06-10T13:23:28 CEST" duration-ms="2926">
    <groups>
      <group name="smoke">
        <method signature="Account.Create_account()[pri:0, instance:Tests.Account@47af7f3d]" name="Create_account" class="Tests.Account"/>
      </group> <!-- smoke -->
    </groups>
    <test started-at="2023-06-10T13:23:25 CEST" name="Test" finished-at="2023-06-10T13:23:28 CEST" duration-ms="2926">
      <class name="Tests.Account">
        <test-method signature="Create_account()[pri:0, instance:Tests.Account@47af7f3d]" started-at="2023-06-10T13:23:25 CEST" name="Create_account" description="Test case : A1
[Create an account and verify it was created]" finished-at="2023-06-10T13:23:28 CEST" duration-ms="2858" status="FAIL">
          <exception class="org.openqa.selenium.remote.http.ConnectionFailedException">
            <message>
              <![CDATA[Unable to establish websocket connection to http://localhost:55924/devtools/browser/a2e9b4a3-8007-418d-ae61-60af9e0dd28d
Build info: version: '4.2.2', revision: '683ccb65d6'
System info: host: 'DESKTOP-GCUD5RO', ip: '192.168.0.192', os.name: 'Windows 10', os.arch: 'amd64', os.version: '10.0', java.version: '17.0.5'
Driver info: driver.version: SelenideDriver
selenide.url: https://login.salesforce.com/
selenide.baseUrl: https://login.salesforce.com/]]>
            </message>
            <full-stacktrace>
              <![CDATA[org.openqa.selenium.remote.http.ConnectionFailedException: Unable to establish websocket connection to http://localhost:55924/devtools/browser/a2e9b4a3-8007-418d-ae61-60af9e0dd28d
Build info: version: '4.2.2', revision: '683ccb65d6'
System info: host: 'DESKTOP-GCUD5RO', ip: '192.168.0.192', os.name: 'Windows 10', os.arch: 'amd64', os.version: '10.0', java.version: '17.0.5'
Driver info: driver.version: SelenideDriver
selenide.url: https://login.salesforce.com/
selenide.baseUrl: https://login.salesforce.com/
at org.openqa.selenium.remote.http.netty.NettyWebSocket.<init>(NettyWebSocket.java:102)
at org.openqa.selenium.remote.http.netty.NettyWebSocket.lambda$create$3(NettyWebSocket.java:128)
at org.openqa.selenium.remote.http.netty.NettyClient.openSocket(NettyClient.java:106)
at org.openqa.selenium.devtools.Connection.<init>(Connection.java:77)
at org.openqa.selenium.chromium.ChromiumDriver.lambda$new$2(ChromiumDriver.java:122)
at java.base/java.util.Optional.map(Optional.java:260)
at org.openqa.selenium.chromium.ChromiumDriver.<init>(ChromiumDriver.java:120)
at org.openqa.selenium.chrome.ChromeDriver.<init>(ChromeDriver.java:106)
at com.codeborne.selenide.webdriver.ChromeDriverFactory.create(ChromeDriverFactory.java:44)
at com.codeborne.selenide.webdriver.WebDriverFactory.createWebDriverInstance(WebDriverFactory.java:109)
at com.codeborne.selenide.webdriver.WebDriverFactory.createWebDriver(WebDriverFactory.java:69)
at com.codeborne.selenide.drivercommands.CreateDriverCommand.lambda$createDriver$1(CreateDriverCommand.java:80)
at com.codeborne.selenide.logevents.SelenideLogger.get(SelenideLogger.java:165)
at com.codeborne.selenide.drivercommands.CreateDriverCommand.createDriver(CreateDriverCommand.java:53)
at com.codeborne.selenide.impl.WebDriverThreadLocalContainer.createDriver(WebDriverThreadLocalContainer.java:170)
at com.codeborne.selenide.impl.WebDriverThreadLocalContainer.getAndCheckWebDriver(WebDriverThreadLocalContainer.java:156)
at com.codeborne.selenide.WebDriverRunner.getAndCheckWebDriver(WebDriverRunner.java:130)
at com.codeborne.selenide.impl.StaticDriver.getAndCheckWebDriver(StaticDriver.java:65)
at com.codeborne.selenide.SelenideDriver.getAndCheckWebDriver(SelenideDriver.java:206)
at com.codeborne.selenide.drivercommands.Navigator.lambda$navigateTo$0(Navigator.java:72)
at com.codeborne.selenide.logevents.SelenideLogger.run(SelenideLogger.java:152)
at com.codeborne.selenide.drivercommands.Navigator.navigateTo(Navigator.java:70)
at com.codeborne.selenide.drivercommands.Navigator.open(Navigator.java:32)
at com.codeborne.selenide.SelenideDriver.open(SelenideDriver.java:101)
at com.codeborne.selenide.Selenide.open(Selenide.java:52)
at Steps.SalesforceSteps.openLoginPage(SalesforceSteps.java:15)
at Steps.SalesforceSteps.login(SalesforceSteps.java:34)
at Tests.Account.Create_account(Account.java:14)
at java.base/jdk.internal.reflect.NativeMethodAccessorImpl.invoke0(Native Method)
at java.base/jdk.internal.reflect.NativeMethodAccessorImpl.invoke(NativeMethodAccessorImpl.java:77)
at java.base/jdk.internal.reflect.DelegatingMethodAccessorImpl.invoke(DelegatingMethodAccessorImpl.java:43)
at java.base/java.lang.reflect.Method.invoke(Method.java:568)
at org.testng.internal.invokers.MethodInvocationHelper.invokeMethod(MethodInvocationHelper.java:139)
at org.testng.internal.invokers.MethodInvocationHelper$1.runTestMethod(MethodInvocationHelper.java:258)
at Core.Listeners.TestNGExecutionListener.run(TestNGExecutionListener.java:15)
at org.testng.internal.invokers.MethodInvocationHelper.invokeHookable(MethodInvocationHelper.java:272)
at org.testng.internal.invokers.TestInvoker.invokeMethod(TestInvoker.java:669)
at org.testng.internal.invokers.TestInvoker.invokeTestMethod(TestInvoker.java:221)
at org.testng.internal.invokers.MethodRunner.runInSequence(MethodRunner.java:50)
at org.testng.internal.invokers.TestInvoker$MethodInvocationAgent.invoke(TestInvoker.java:962)
at org.testng.internal.invokers.TestInvoker.invokeTestMethods(TestInvoker.java:194)
at org.testng.internal.invokers.TestMethodWorker.invokeTestMethods(TestMethodWorker.java:148)
at org.testng.internal.invokers.TestMethodWorker.run(TestMethodWorker.java:128)
at java.base/java.util.concurrent.ThreadPoolExecutor.runWorker(ThreadPoolExecutor.java:1136)
at java.base/java.util.concurrent.ThreadPoolExecutor$Worker.run(ThreadPoolExecutor.java:635)
at java.base/java.lang.Thread.run(Thread.java:833)
]]>
            </full-stacktrace>
          </exception> <!-- org.openqa.selenium.remote.http.ConnectionFailedException -->
          <reporter-output>
          </reporter-output>
        </test-method> <!-- Create_account -->
      </class> <!-- Tests.Account -->
    </test> <!-- Test -->
  </suite> <!-- TestNG -->
</testng-results>
